D:\mvc\MVCAndAngular\08-dont-forget-client-side-validation-of-data\demo\PTC\src\app\app.component.js
D:\mvc\MVCAndAngular\08-dont-forget-client-side-validation-of-data\demo\PTC\src\app\app.component.js.map
D:\mvc\MVCAndAngular\08-dont-forget-client-side-validation-of-data\demo\PTC\src\app\blog.js
D:\mvc\MVCAndAngular\08-dont-forget-client-side-validation-of-data\demo\PTC\src\app\blog.js.map
D:\mvc\MVCAndAngular\08-dont-forget-client-side-validation-of-data\demo\PTC\src\app\blog.service.js
D:\mvc\MVCAndAngular\08-dont-forget-client-side-validation-of-data\demo\PTC\src\app\blog.service.js.map
D:\mvc\MVCAndAngular\08-dont-forget-client-side-validation-of-data\demo\PTC\src\app\product\product-list.component.js
D:\mvc\MVCAndAngular\08-dont-forget-client-side-validation-of-data\demo\PTC\src\app\product\product-list.component.js.map
D:\mvc\MVCAndAngular\08-dont-forget-client-side-validation-of-data\demo\PTC\src\app\category\category.js
D:\mvc\MVCAndAngular\08-dont-forget-client-side-validation-of-data\demo\PTC\src\app\category\category.js.map
D:\mvc\MVCAndAngular\08-dont-forget-client-side-validation-of-data\demo\PTC\src\app\category\category.service.js
D:\mvc\MVCAndAngular\08-dont-forget-client-side-validation-of-data\demo\PTC\src\app\category\category.service.js.map
D:\mvc\MVCAndAngular\08-dont-forget-client-side-validation-of-data\demo\PTC\src\app\product\productSearch.js
D:\mvc\MVCAndAngular\08-dont-forget-client-side-validation-of-data\demo\PTC\src\app\product\productSearch.js.map
D:\mvc\MVCAndAngular\08-dont-forget-client-side-validation-of-data\demo\PTC\src\app\product\product.js
D:\mvc\MVCAndAngular\08-dont-forget-client-side-validation-of-data\demo\PTC\src\app\product\product.js.map
D:\mvc\MVCAndAngular\08-dont-forget-client-side-validation-of-data\demo\PTC\src\app\product\product.service.js
D:\mvc\MVCAndAngular\08-dont-forget-client-side-validation-of-data\demo\PTC\src\app\product\product.service.js.map
D:\mvc\MVCAndAngular\08-dont-forget-client-side-validation-of-data\demo\PTC\src\app\product\product-detail.component.js
D:\mvc\MVCAndAngular\08-dont-forget-client-side-validation-of-data\demo\PTC\src\app\product\product-detail.component.js.map
D:\mvc\MVCAndAngular\08-dont-forget-client-side-validation-of-data\demo\PTC\src\app\app-routing.module.js
D:\mvc\MVCAndAngular\08-dont-forget-client-side-validation-of-data\demo\PTC\src\app\app-routing.module.js.map
D:\mvc\MVCAndAngular\08-dont-forget-client-side-validation-of-data\demo\PTC\src\app\shared\validator-notlowercase.directive.js
D:\mvc\MVCAndAngular\08-dont-forget-client-side-validation-of-data\demo\PTC\src\app\shared\validator-notlowercase.directive.js.map
D:\mvc\MVCAndAngular\08-dont-forget-client-side-validation-of-data\demo\PTC\src\app\shared\validator-min.directive.js
D:\mvc\MVCAndAngular\08-dont-forget-client-side-validation-of-data\demo\PTC\src\app\shared\validator-min.directive.js.map
D:\mvc\MVCAndAngular\08-dont-forget-client-side-validation-of-data\demo\PTC\src\app\shared\validator-max.directive.js
D:\mvc\MVCAndAngular\08-dont-forget-client-side-validation-of-data\demo\PTC\src\app\shared\validator-max.directive.js.map
D:\mvc\MVCAndAngular\08-dont-forget-client-side-validation-of-data\demo\PTC\src\app\app.module.js
D:\mvc\MVCAndAngular\08-dont-forget-client-side-validation-of-data\demo\PTC\src\app\app.module.js.map
D:\mvc\MVCAndAngular\08-dont-forget-client-side-validation-of-data\demo\PTC\src\main.js
D:\mvc\MVCAndAngular\08-dont-forget-client-side-validation-of-data\demo\PTC\src\main.js.map
D:\mvc\MVCAndAngular\08-dont-forget-client-side-validation-of-data\demo\PTC\src\app\app.component.spec.js
D:\mvc\MVCAndAngular\08-dont-forget-client-side-validation-of-data\demo\PTC\src\app\app.component.spec.js.map
